<?xml version="1.0" encoding="UTF-8"?>
<!-- Generated by org.testng.reporters.JUnitReportReporter -->
<testsuite skipped="0" hostname="YSLTDHM2NL3" name="com.TestRun.Login" tests="1" failures="0" timestamp="10 Mar 2023 08:35:12 GMT" time="63.040" errors="0">
  <testcase name="LoginTest" time="63.040" classname="com.TestRun.Login"/>
</testsuite> <!-- com.TestRun.Login -->
